2020/9/16 20:10:39	日志类型<普通>	
2020/9/16 20:10:39	日志类型<普通>	--------------------请配置相关项目后 [启动服务]--------------------
2020/9/16 20:10:39	日志类型<普通>	
2020/9/16 20:10:39	日志类型<普通>	--------------------请配置相关项目后 [启动服务]--------------------
2020/9/16 20:10:39	日志类型<普通>	
2020/9/16 20:10:52	日志类型<普通>	
2020/9/16 20:10:52	日志类型<普通>	--------------------请配置相关项目后 [启动服务]--------------------
2020/9/16 20:10:52	日志类型<普通>	
2020/9/16 20:10:52	日志类型<普通>	--------------------请配置相关项目后 [启动服务]--------------------
2020/9/16 20:10:52	日志类型<普通>	
2020/9/16 20:10:59	日志类型<错误>	>> 补丁加密模块尚未开启 无法使用此功能
2020/9/16 20:11:01	日志类型<普通>	
2020/9/16 20:11:01	日志类型<普通>	>> 登录器网关 当前启用端口: 35128
2020/9/16 20:11:01	日志类型<普通>	
2020/9/16 20:11:01	日志类型<普通>	>> 当前允许的最大连接数: 1024
2020/9/16 20:11:01	日志类型<普通>	
2020/9/16 20:11:01	日志类型<普通>	>> 当前工作线程池数量: 14
2020/9/16 20:11:01	日志类型<普通>	
2020/9/16 20:11:01	日志类型<普通>	>> 当前程序文件版本号 6.0.0.2
2020/9/16 20:11:01	日志类型<普通>	
2020/9/16 20:11:01	日志类型<普通>	>> 当前VC++动态库文件版本号 1.0.0.2
2020/9/16 20:11:01	日志类型<普通>	
2020/9/16 20:11:01	日志类型<普通>	☆☆☆☆☆☆☆☆☆☆仅限单机使用 永不宕机 商业使用与作者无关☆☆☆☆☆☆☆☆☆☆
2020/9/16 20:11:01	日志类型<普通>	
2020/9/16 20:11:01	日志类型<普通>	----------关闭 [控制台] 或 [登录器网关] 退出服务----------
2020/9/16 20:11:01	日志类型<普通>	
2020/9/16 20:11:06	日志类型<普通>	
2020/9/16 20:11:06	日志类型<普通>	--------------------请配置相关项目后 [启动服务]--------------------
2020/9/16 20:11:06	日志类型<普通>	
2020/9/16 20:11:06	日志类型<普通>	--------------------请配置相关项目后 [启动服务]--------------------
2020/9/16 20:11:06	日志类型<普通>	
